<?xml version="1.0" encoding="UTF-8"?>
<testsuite name="Login" tests="4" skipped="0" failures="0" errors="0" timestamp="2026-02-12T17:22:55" hostname="iras-Laptop.local" time="21.984">
  <properties/>
  <testcase name="Login with correct email and wrong password #1" classname="Login" time="5.926"/>
  <testcase name="Login with correct email and wrong password #2" classname="Login" time="5.464"/>
  <testcase name="Login with correct email and wrong password #3" classname="Login" time="5.406"/>
  <testcase name="Login with correct email and wrong password #4" classname="Login" time="5.188"/>
  <system-out><![CDATA[
@wrongPassword
?[1mScenario Outline:?[22m Login with correct email and wrong password ?[90m# src/test/resources/features/login.feature:26?[39m
  ?[32m✔?[39m ?[32m?[1mGiven ?[22mUser launches Chrome browser?[39m                        ?[90m# com.ilcarro.stepDefinitions.HomePageSteps.launch_Chrome_browser()?[39m
  ?[32m✔?[39m ?[32m?[1mWhen ?[22mUser opens ilcarro HomePage?[39m                          ?[90m# com.ilcarro.stepDefinitions.HomePageSteps.open_ilcarro_HomePage()?[39m
  ?[32m✔?[39m ?[32m?[1mAnd ?[22mUser clicks on Login link?[39m                             ?[90m# com.ilcarro.stepDefinitions.LoginSteps.click_on_Login_link()?[39m
  ?[32m✔?[39m ?[32m?[1mAnd ?[22mUser enters correct email and wrong password?[39m          ?[90m# com.ilcarro.stepDefinitions.LoginSteps.enter_wrong_password(io.cucumber.datatable.DataTable)?[39m
      | email         | password    |
      | manuel@gm.com | Manuel12341 |
  ?[32m✔?[39m ?[32m?[1mAnd ?[22mUser clicks on Yalla button?[39m                           ?[90m# com.ilcarro.stepDefinitions.LoginSteps.clicks_on_Yalla()?[39m
  ?[32m✔?[39m ?[32m?[1mThen ?[22mUser verifies Error message is displayed?[39m             ?[90m# com.ilcarro.stepDefinitions.LoginSteps.verify_Error()?[39m
  ?[32m✔?[39m ?[32m?[1mAnd ?[22mUser quites browser?[39m                                   ?[90m# com.ilcarro.stepDefinitions.HomePageSteps.quit_browser()?[39m

@wrongPassword
?[1mScenario Outline:?[22m Login with correct email and wrong password ?[90m# src/test/resources/features/login.feature:27?[39m
  ?[32m✔?[39m ?[32m?[1mGiven ?[22mUser launches Chrome browser?[39m                        ?[90m# com.ilcarro.stepDefinitions.HomePageSteps.launch_Chrome_browser()?[39m
  ?[32m✔?[39m ?[32m?[1mWhen ?[22mUser opens ilcarro HomePage?[39m                          ?[90m# com.ilcarro.stepDefinitions.HomePageSteps.open_ilcarro_HomePage()?[39m
  ?[32m✔?[39m ?[32m?[1mAnd ?[22mUser clicks on Login link?[39m                             ?[90m# com.ilcarro.stepDefinitions.LoginSteps.click_on_Login_link()?[39m
  ?[32m✔?[39m ?[32m?[1mAnd ?[22mUser enters correct email and wrong password?[39m          ?[90m# com.ilcarro.stepDefinitions.LoginSteps.enter_wrong_password(io.cucumber.datatable.DataTable)?[39m
      | email         | password    |
      | manuel@gm.com | manuel1234! |
  ?[32m✔?[39m ?[32m?[1mAnd ?[22mUser clicks on Yalla button?[39m                           ?[90m# com.ilcarro.stepDefinitions.LoginSteps.clicks_on_Yalla()?[39m
  ?[32m✔?[39m ?[32m?[1mThen ?[22mUser verifies Error message is displayed?[39m             ?[90m# com.ilcarro.stepDefinitions.LoginSteps.verify_Error()?[39m
  ?[32m✔?[39m ?[32m?[1mAnd ?[22mUser quites browser?[39m                                   ?[90m# com.ilcarro.stepDefinitions.HomePageSteps.quit_browser()?[39m

@wrongPassword
?[1mScenario Outline:?[22m Login with correct email and wrong password ?[90m# src/test/resources/features/login.feature:28?[39m
  ?[32m✔?[39m ?[32m?[1mGiven ?[22mUser launches Chrome browser?[39m                        ?[90m# com.ilcarro.stepDefinitions.HomePageSteps.launch_Chrome_browser()?[39m
  ?[32m✔?[39m ?[32m?[1mWhen ?[22mUser opens ilcarro HomePage?[39m                          ?[90m# com.ilcarro.stepDefinitions.HomePageSteps.open_ilcarro_HomePage()?[39m
  ?[32m✔?[39m ?[32m?[1mAnd ?[22mUser clicks on Login link?[39m                             ?[90m# com.ilcarro.stepDefinitions.LoginSteps.click_on_Login_link()?[39m
  ?[32m✔?[39m ?[32m?[1mAnd ?[22mUser enters correct email and wrong password?[39m          ?[90m# com.ilcarro.stepDefinitions.LoginSteps.enter_wrong_password(io.cucumber.datatable.DataTable)?[39m
      | email         | password    |
      | manuel@gm.com | MANUEL1234! |
  ?[32m✔?[39m ?[32m?[1mAnd ?[22mUser clicks on Yalla button?[39m                           ?[90m# com.ilcarro.stepDefinitions.LoginSteps.clicks_on_Yalla()?[39m
  ?[32m✔?[39m ?[32m?[1mThen ?[22mUser verifies Error message is displayed?[39m             ?[90m# com.ilcarro.stepDefinitions.LoginSteps.verify_Error()?[39m
  ?[32m✔?[39m ?[32m?[1mAnd ?[22mUser quites browser?[39m                                   ?[90m# com.ilcarro.stepDefinitions.HomePageSteps.quit_browser()?[39m

@wrongPassword
?[1mScenario Outline:?[22m Login with correct email and wrong password ?[90m# src/test/resources/features/login.feature:29?[39m
  ?[32m✔?[39m ?[32m?[1mGiven ?[22mUser launches Chrome browser?[39m                        ?[90m# com.ilcarro.stepDefinitions.HomePageSteps.launch_Chrome_browser()?[39m
  ?[32m✔?[39m ?[32m?[1mWhen ?[22mUser opens ilcarro HomePage?[39m                          ?[90m# com.ilcarro.stepDefinitions.HomePageSteps.open_ilcarro_HomePage()?[39m
  ?[32m✔?[39m ?[32m?[1mAnd ?[22mUser clicks on Login link?[39m                             ?[90m# com.ilcarro.stepDefinitions.LoginSteps.click_on_Login_link()?[39m
  ?[32m✔?[39m ?[32m?[1mAnd ?[22mUser enters correct email and wrong password?[39m          ?[90m# com.ilcarro.stepDefinitions.LoginSteps.enter_wrong_password(io.cucumber.datatable.DataTable)?[39m
      | email         | password    |
      | manuel@gm.com | Ьфтгуд1234! |
  ?[32m✔?[39m ?[32m?[1mAnd ?[22mUser clicks on Yalla button?[39m                           ?[90m# com.ilcarro.stepDefinitions.LoginSteps.clicks_on_Yalla()?[39m
  ?[32m✔?[39m ?[32m?[1mThen ?[22mUser verifies Error message is displayed?[39m             ?[90m# com.ilcarro.stepDefinitions.LoginSteps.verify_Error()?[39m
  ?[32m✔?[39m ?[32m?[1mAnd ?[22mUser quites browser?[39m                                   ?[90m# com.ilcarro.stepDefinitions.HomePageSteps.quit_browser()?[39m
]]></system-out>
  <system-err><![CDATA[SLF4J(W): No SLF4J providers were found.
SLF4J(W): Defaulting to no-operation (NOP) logger implementation
SLF4J(W): See https://www.slf4j.org/codes.html#noProviders for further details.
]]></system-err>
</testsuite>
